"../../../Engine/Content/Functions/Engine_MaterialFunctions01/Opacity/CameraDepthFade.uasset" 0
"../../../Engine/Content/EngineMaterials/T_Default_Material_Grid_M.uasset" 1
"../../../Engine/Content/EngineMaterials/T_Default_Material_Grid_N.uasset" 2
"../../../Engine/Content/EngineMaterials/WorldGridMaterial.uasset" 3
"../../../CubicJam/Content/Geometry/Meshes/CubeMaterial.uasset" 4
"../../../CubicJam/Content/Geometry/Meshes/DestructableCube.uasset" 5
"../../../CubicJam/Content/Geometry/Meshes/DestructableCube_DM.uasset" 6
"../../../Engine/Content/Functions/Engine_MaterialFunctions02/Utility/BlendAngleCorrectedNormals.uasset" 7
"../../../CubicJam/Content/StarterContent/Textures/T_Detail_Rocky_N.uasset" 8
"../../../CubicJam/Content/StarterContent/Textures/T_Rock_Basalt_D.uasset" 9
"../../../CubicJam/Content/StarterContent/Textures/T_RockMesh_M.uasset" 10
"../../../CubicJam/Content/StarterContent/Textures/T_RockMesh_N.uasset" 11
"../../../CubicJam/Content/StarterContent/Props/Materials/M_Rock.uasset" 12
"../../../CubicJam/Content/StarterContent/Props/DM_Rock.uasset" 13
"../../../CubicJam/Content/Blueprints/MeshBPs/DestructBlueprint.uasset" 14
"../../../CubicJam/Content/FirstPerson/Character/Textures/UE4_LOGO_CARD.uasset" 15
"../../../CubicJam/Content/FirstPerson/FPWeapon/Materials/MaterialLayers/ML_Plastic_Shiny_Beige_LOGO.uasset" 16
"../../../CubicJam/Content/FirstPerson/FPWeapon/Materials/MaterialLayers/T_ML_FineRubber.uasset" 17
"../../../CubicJam/Content/FirstPerson/FPWeapon/Mesh/SK_FPGun_PhysicsAsset.uasset" 18
"../../../CubicJam/Content/FirstPerson/Meshes/BaseMaterial.uasset" 19
"../../../CubicJam/Content/FirstPerson/Meshes/CubeMaterialOverride.uasset" 20
"../../../CubicJam/Content/FirstPerson/Meshes/FirstPersonProjectileMaterial.uasset" 21
"../../../CubicJam/Content/FirstPerson/Meshes/FirstPersonProjectileMesh.uasset" 22
"../../../CubicJam/Content/StarterContent/Textures/T_Burst_M.uasset" 23
"../../../CubicJam/Content/StarterContent/Particles/Materials/M_Burst.uasset" 24
"../../../CubicJam/Content/StarterContent/Textures/T_Explosion_SubUV.uasset" 25
"../../../CubicJam/Content/StarterContent/Particles/Materials/M_explosion_subUV.uasset" 26
"../../../CubicJam/Content/StarterContent/Particles/Materials/m_flare_01.uasset" 27
"../../../Engine/Content/Functions/Engine_MaterialFunctions01/Gradient/RadialGradient.uasset" 28
"../../../CubicJam/Content/StarterContent/Particles/Materials/M_radial_ramp.uasset" 29
"../../../CubicJam/Content/StarterContent/Textures/T_Smoke_SubUV.uasset" 30
"../../../CubicJam/Content/StarterContent/Textures/T_Smoke_Tiled_D.uasset" 31
"../../../CubicJam/Content/StarterContent/Particles/Materials/M_smoke_subUV.uasset" 32
"../../../CubicJam/Content/StarterContent/Particles/P_Explosion.uasset" 33
"../../../CubicJam/Content/FirstPersonBP/Blueprints/ExplosionProjectile.uasset" 34
"../../../CubicJam/Content/FirstPersonBP/Blueprints/jkdlfjdslkfjsd.uasset" 35
"../../../CubicJam/Content/FirstPersonBP/Blueprints/Test.uasset" 36
"../../../CubicJam/Content/Geometry/Meshes/1M_Cube_Chamfer.uasset" 37
"../../../CubicJam/Content/Geometry/Meshes/TemplateFloor.uasset" 38
"../../../CubicJam/Content/Hughes_Content/Textures/T_Water.uasset" 39
"../../../CubicJam/Content/Hughes_Content/Materials/M_Water.uasset" 40
"../../../CubicJam/Content/Hughes_Content/Textures/T_ForestGrass_AO.uasset" 41
"../../../CubicJam/Content/Hughes_Content/Textures/T_ForestGrass_basecolor.uasset" 42
"../../../CubicJam/Content/Hughes_Content/Textures/T_ForestGrass_height.uasset" 43
"../../../CubicJam/Content/Hughes_Content/Textures/T_ForestGrass_Normal.uasset" 44
"../../../CubicJam/Content/Hughes_Content/Textures/T_ForestGrass_roughness.uasset" 45
"../../../CubicJam/Content/Hughes_Content/Materials/Functions/Grass.uasset" 46
"../../../CubicJam/Content/Hughes_Content/Textures/T_Iron.uasset" 47
"../../../CubicJam/Content/Hughes_Content/Textures/tilling_sample_DefaultMaterial_Height.uasset" 48
"../../../CubicJam/Content/Hughes_Content/Textures/tilling_sample_DefaultMaterial_Metallic.uasset" 49
"../../../CubicJam/Content/Hughes_Content/Textures/tilling_sample_DefaultMaterial_Normal.uasset" 50
"../../../CubicJam/Content/Hughes_Content/Textures/tilling_sample_DefaultMaterial_Roughness.uasset" 51
"../../../CubicJam/Content/Hughes_Content/Materials/Functions/Iron.uasset" 52
"../../../CubicJam/Content/Hughes_Content/Textures/T_Wood_Lite.uasset" 53
"../../../CubicJam/Content/Hughes_Content/Materials/Functions/MF_Wood_Lite.uasset" 54
"../../../CubicJam/Content/Hughes_Content/Materials/M_Grass.uasset" 55
"../../../CubicJam/Content/StarterContent/Textures/T_Perlin_Noise_M.uasset" 56
"../../../CubicJam/Content/StarterContent/Textures/T_Water_N.uasset" 57
"../../../CubicJam/Content/StarterContent/Materials/M_Water_Lake.uasset" 58
"../../../CubicJam/Content/Hughes_Content/Mesh/Base.uasset" 59
"../../../CubicJam/Content/Hughes_Content/Mesh/Campfire.uasset" 60
"../../../CubicJam/Content/Hughes_Content/Mesh/House_01.uasset" 61
"../../../CubicJam/Content/Hughes_Content/Mesh/House_02.uasset" 62
"../../../CubicJam/Content/Hughes_Content/Mesh/House_Long.uasset" 63
"../../../CubicJam/Content/Hughes_Content/Materials/M_Metal_Iron.uasset" 64
"../../../CubicJam/Content/Hughes_Content/Mesh/Mountains.uasset" 65
"../../../CubicJam/Content/Hughes_Content/Mesh/OldStoneWall.uasset" 66
"../../../CubicJam/Content/Hughes_Content/Mesh/OldWoodPlank2.uasset" 67
"../../../CubicJam/Content/Hughes_Content/Mesh/RockGrey1_high.uasset" 68
"../../../CubicJam/Content/Hughes_Content/Mesh/RockGrey2_high.uasset" 69
"../../../CubicJam/Content/Hughes_Content/Mesh/SharpRock1.uasset" 70
"../../../CubicJam/Content/Hughes_Content/Mesh/SharpRock2.uasset" 71
"../../../CubicJam/Content/Hughes_Content/Mesh/Tree1.uasset" 72
"../../../CubicJam/Content/Hughes_Content/Mesh/Tree2.uasset" 73
"../../../CubicJam/Content/Hughes_Content/Mesh/Tree3_BirchYoung.uasset" 74
"../../../CubicJam/Content/Hughes_Content/Mesh/TreeDead1.uasset" 75
"../../../CubicJam/Content/Hughes_Content/Mesh/TreeDead2.uasset" 76
"../../../CubicJam/Content/Hughes_Content/Mesh/wall_01.uasset" 77
"../../../CubicJam/Content/Hughes_Content/Mesh/WoodenHouse1.uasset" 78
"../../../CubicJam/Content/Hughes_Content/Mesh/WoodenHouse3.uasset" 79
"../../../CubicJam/Content/Hughes_Content/Mesh/WoodenPole1.uasset" 80
"../../../CubicJam/Content/Hughes_Content/Textures/tilling_sample_DefaultMaterial_BaseColor.uasset" 81
"../../../CubicJam/Content/Hughes_Content/Textures/LowpolyStyle/Textures/T_Water.uasset" 82
"../../../CubicJam/Content/Levels/ShootingRange_BuiltData.uasset" 83
"../../../CubicJam/Content/Levels/TylerShootingRange_BuiltData.uasset" 84
"../../../Engine/Content/Functions/Engine_MaterialFunctions03/Procedurals/NormalFromHeightmap.uasset" 85
"../../../CubicJam/Content/MaterialLayering/Function/CombineNormal.uasset" 86
"../../../CubicJam/Content/MaterialLayering/Function/NormalIntensity.uasset" 87
"../../../CubicJam/Content/MaterialLayering/Txt/Dummy/txt_dummy_basecolor.uasset" 88
"../../../CubicJam/Content/MaterialLayering/Txt/Dummy/txt_dummy_grayscale.uasset" 89
"../../../CubicJam/Content/MaterialLayering/Txt/Dummy/txt_dummy_mask.uasset" 90
"../../../CubicJam/Content/MaterialLayering/Txt/Dummy/txt_dummy_normal.uasset" 91
"../../../CubicJam/Content/MaterialLayering/Shader/mat_layering_master.uasset" 92
"../../../CubicJam/Content/MaterialLayering/Shader/mat_layering_master_Inst.uasset" 93
"../../../CubicJam/Content/MaterialLayering/Txt/Dummy/txt_dummy_metallic_black.uasset" 94
"../../../CubicJam/Content/MaterialLayering/Txt/Dummy/txt_dummy_metallic_white.uasset" 95
"../../../CubicJam/Content/MaterialLayering/Txt/Dummy/txt_dummy_parameters.uasset" 96
"../../../CubicJam/Content/StarterContent/Materials/M_Basic_Wall.uasset" 97
"../../../CubicJam/Content/StarterContent/Architecture/Pillar_50x500.uasset" 98
"../../../CubicJam/Content/StarterContent/Architecture/Wall_400x300.uasset" 99
"../../../CubicJam/Content/StarterContent/Architecture/Wall_400x400.uasset" 100
"../../../CubicJam/Content/StarterContent/Architecture/Wall_500x500.uasset" 101
"../../../CubicJam/Content/StarterContent/Architecture/Wall_Door_400x400.uasset" 102
"../../../CubicJam/Content/StarterContent/Architecture/Wall_Window_400x400.uasset" 103
"../../../CubicJam/Content/StarterContent/Audio/Light01_Cue.uasset" 104
"../../../CubicJam/Content/StarterContent/Audio/Light02_Cue.uasset" 105
"../../../CubicJam/Content/StarterContent/Audio/Explosion_Cue.uasset" 106
"../../../CubicJam/Content/StarterContent/Blueprints/Blueprint_Effect_Explosion.uasset" 107
"../../../Engine/Content/EditorMeshes/ColorCalibrator/T_ColorGrid.uasset" 108
"../../../CubicJam/Content/StarterContent/Materials/M_ColorGrid_LowSpec.uasset" 109
"../../../CubicJam/Content/StarterContent/Textures/T_Bush_D.uasset" 110
"../../../CubicJam/Content/StarterContent/Textures/T_Bush_N.uasset" 111
"../../../CubicJam/Content/StarterContent/Props/Materials/M_Bush.uasset" 112
"../../../CubicJam/Content/StarterContent/Props/SM_Bush.uasset" 113
"../../../CubicJam/Content/StarterContent/Textures/T_Chair_M.uasset" 114
"../../../CubicJam/Content/StarterContent/Textures/T_Chair_N.uasset" 115
"../../../CubicJam/Content/StarterContent/Props/Materials/M_Chair.uasset" 116
"../../../CubicJam/Content/StarterContent/Props/SM_Couch.uasset" 117
"../../../CubicJam/Content/StarterContent/Materials/M_Glass.uasset" 118
"../../../CubicJam/Content/StarterContent/Textures/T_Door_M.uasset" 119
"../../../CubicJam/Content/StarterContent/Textures/T_Door_N.uasset" 120
"../../../CubicJam/Content/StarterContent/Props/Materials/M_Door.uasset" 121
"../../../CubicJam/Content/StarterContent/Props/SM_Door.uasset" 122
"../../../CubicJam/Content/StarterContent/Props/Materials/M_MaterialSphere.uasset" 123
"../../../CubicJam/Content/StarterContent/Props/Materials/M_MaterialSphere_Plain.uasset" 124
"../../../CubicJam/Content/StarterContent/Props/SM_MatPreviewMesh_02.uasset" 125
"../../../CubicJam/Content/StarterContent/Props/SM_Rock.uasset" 126
"../../../CubicJam/Content/StarterContent/Textures/T_Shelf_M.uasset" 127
"../../../CubicJam/Content/StarterContent/Textures/T_Shelf_N.uasset" 128
"../../../CubicJam/Content/StarterContent/Props/Materials/M_Shelf.uasset" 129
"../../../CubicJam/Content/StarterContent/Props/SM_Shelf.uasset" 130
"../../../CubicJam/Content/StarterContent/Materials/M_Basic_Floor.uasset" 131
"../../../CubicJam/Content/StarterContent/Props/SM_Stairs.uasset" 132
"../../../CubicJam/Content/StarterContent/Shapes/Shape_Cone.uasset" 133
"../../../CubicJam/Content/StarterContent/Shapes/Shape_Cylinder.uasset" 134
"../../../CubicJam/Content/StarterContent/Shapes/Shape_NarrowCapsule.uasset" 135
"../../../CubicJam/Content/StarterContent/Shapes/Shape_Pipe.uasset" 136
"../../../CubicJam/Content/StarterContent/Shapes/Shape_Pipe_180.uasset" 137
"../../../CubicJam/Content/StarterContent/Shapes/Shape_Pipe_90.uasset" 138
"../../../CubicJam/Content/StarterContent/Shapes/Shape_Plane.uasset" 139
"../../../CubicJam/Content/StarterContent/Shapes/Shape_Torus.uasset" 140
"../../../CubicJam/Content/StarterContent/Shapes/Shape_Trim.uasset" 141
"../../../CubicJam/Content/StarterContent/Shapes/Shape_Trim_90_In.uasset" 142
"../../../CubicJam/Content/StarterContent/Shapes/Shape_Trim_90_Out.uasset" 143
"../../../CubicJam/Content/StarterContent/Shapes/Shape_TriPyramid.uasset" 144
"../../../CubicJam/Content/StarterContent/Shapes/Shape_Tube.uasset" 145
"../../../CubicJam/Content/StarterContent/Shapes/Shape_Wedge_A.uasset" 146
"../../../CubicJam/Content/StarterContent/Shapes/Shape_Wedge_B.uasset" 147
"../../../CubicJam/Content/StarterContent/Shapes/Shape_WideCapsule.uasset" 148
"../../../CubicJam/Content/TylerTest/Gun.uasset" 149
"../../../CubicJam/Content/TylerTest/IlianaTest.uasset" 150
"../../../CubicJam/Content/TylerTest/IlianaTest2.uasset" 151
"../../../CubicJam/Content/TylerTest/MattBaby.uasset" 152
"../../../CubicJam/Content/TylerTest/MichaelTest.uasset" 153
"../../../CubicJam/Content/TylerTest/TylerTest.uasset" 154
"../../../Engine/Content/EngineMaterials/DefaultMaterial.uasset" 155
"../../../Engine/Content/BasicShapes/Cone.uasset" 156
"../../../Engine/Content/BasicShapes/Cylinder.uasset" 157
"../../../Engine/Content/BasicShapes/Sphere.uasset" 158
"../../../Engine/Content/EditorLandscapeResources/DataLayer.uasset" 159
"../../../Engine/Content/EditorMaterials/GizmoMaterial.uasset" 160
"../../../Engine/Content/EditorMaterials/MAT_Groups_Toggle.uasset" 161
"../../../Engine/Content/EditorMaterials/MAT_Groups_Visibility.uasset" 162
"../../../Engine/Content/EditorMaterials/PreviewShadowIndicator.uasset" 163
"../../../Engine/Content/EditorMaterials/PreviewShadowIndicatorMaterial.uasset" 164
"../../../Engine/Content/EditorMaterials/MatineeGroups/MAT_ColorTrack.uasset" 165
"../../../Engine/Content/EditorMaterials/MatineeGroups/MAT_Groups_Anim.uasset" 166
"../../../Engine/Content/EditorMaterials/MatineeGroups/MAT_Groups_AudioMaster.uasset" 167
"../../../Engine/Content/EditorMaterials/MatineeGroups/MAT_Groups_Director.uasset" 168
"../../../Engine/Content/EditorMaterials/MatineeGroups/MAT_Groups_Event.uasset" 169
"../../../Engine/Content/EditorMaterials/MatineeGroups/MAT_Groups_Fade.uasset" 170
"../../../Engine/Content/EditorMaterials/MatineeGroups/MAT_Groups_Float.uasset" 171
"../../../Engine/Content/EditorMaterials/MatineeGroups/MAT_Groups_Move.uasset" 172
"../../../Engine/Content/EditorMaterials/MatineeGroups/MAT_Groups_Slomo.uasset" 173
"../../../Engine/Content/EditorMaterials/MatineeGroups/MAT_Groups_Sound.uasset" 174
"../../../Engine/Content/EditorMaterials/MatineeGroups/MAT_Groups_Vector.uasset" 175
"../../../Engine/Content/EditorMaterials/ParticleSystems/PSysThumbnail_NoImage.uasset" 176
"../../../Engine/Content/EditorMaterials/ParticleSystems/PSysThumbnail_OOD.uasset" 177
"../../../Engine/Content/EditorMaterials/Camera/CineMat.uasset" 178
"../../../Engine/Content/EditorMaterials/Camera/MI_CineMat_Rig.uasset" 179
"../../../Engine/Content/EditorMeshes/Camera/SM_CraneRig_Arm.uasset" 180
"../../../Engine/Content/EditorMeshes/Camera/SM_CraneRig_Base.uasset" 181
"../../../Engine/Content/EditorMeshes/Camera/SM_CraneRig_Body.uasset" 182
"../../../Engine/Content/EditorMeshes/Camera/SM_CraneRig_Mount.uasset" 183
"../../../Engine/Content/EditorMeshes/Camera/SM_RailRig_Mount.uasset" 184
"../../../Engine/Content/EditorMeshes/Camera/SM_RailRig_Track.uasset" 185
"../../../Engine/Content/EditorResources/BSPVertex.uasset" 186
"../../../Engine/Content/EditorResources/EmptyActor.uasset" 187
"../../../Engine/Content/EditorResources/S_Actor.uasset" 188
"../../../Engine/Content/EditorResources/S_Trigger.uasset" 189
"../../../Engine/Content/EditorResources/AudioIcons/S_AudioComponent.uasset" 190
"../../../Engine/Content/EditorResources/AudioIcons/S_AudioComponent_AutoActivate.uasset" 191
"../../../Engine/Content/EditorResources/LightIcons/S_LightError.uasset" 192
"../../../Engine/Content/EditorResources/SequenceRecorder/Countdown.uasset" 193
"../../../Engine/Content/EditorResources/SequenceRecorder/RecordingIndicator.uasset" 194
"../../../Engine/Content/EditorSounds/Notifications/CompileFailed.uasset" 195
"../../../Engine/Content/EditorSounds/Notifications/CompileFailed_Cue.uasset" 196
"../../../Engine/Content/EditorSounds/Notifications/CompileSuccess.uasset" 197
"../../../Engine/Content/EditorSounds/Notifications/CompileStart_Cue.uasset" 198
"../../../Engine/Content/EditorSounds/Notifications/CompileSuccess_Cue.uasset" 199
"../../../Engine/Content/EngineDamageTypes/DmgTypeBP_Environmental.uasset" 200
"../../../Engine/Content/EngineDebugMaterials/HeatmapGradient.uasset" 201
"../../../Engine/Content/EngineDebugMaterials/BoneWeightMaterial.uasset" 202
"../../../Engine/Content/EngineDebugMaterials/ClothMaterial.uasset" 203
"../../../Engine/Content/EngineDebugMaterials/ClothMaterial_WF.uasset" 204
"../../../Engine/Content/EngineDebugMaterials/DebugEditorMaterial.uasset" 205
"../../../Engine/Content/EngineDebugMaterials/DebugMeshMaterial.uasset" 206
"../../../Engine/Content/EngineDebugMaterials/GeomMaterial.uasset" 207
"../../../Engine/Content/EngineFonts/Faces/RobotoBold.uasset" 208
"../../../Engine/Content/EngineFonts/Faces/RobotoBoldItalic.uasset" 209
"../../../Engine/Content/EngineFonts/Faces/RobotoItalic.uasset" 210
"../../../Engine/Content/EngineFonts/Faces/RobotoLight.uasset" 211
"../../../Engine/Content/EngineFonts/Faces/RobotoRegular.uasset" 212
"../../../Engine/Content/EngineFonts/Roboto.uasset" 213
"../../../Engine/Content/EngineFonts/Faces/RobotoTiny.uasset" 214
"../../../Engine/Content/EngineFonts/RobotoTiny.uasset" 215
"../../../Engine/Content/EngineMaterials/DefaultBloomKernel.uasset" 216
"../../../Engine/Content/EngineMaterials/DefaultBokeh.uasset" 217
"../../../Engine/Content/EngineMaterials/DefaultDiffuse.uasset" 218
"../../../Engine/Content/EngineMaterials/DefaultDeferredDecalMaterial.uasset" 219
"../../../Engine/Content/EngineMaterials/DefaultLightFunctionMaterial.uasset" 220
"../../../Engine/Content/EngineMaterials/DefaultPhysicalMaterial.uasset" 221
"../../../Engine/Content/Functions/Engine_MaterialFunctions02/Utility/BreakOutFloat2Components.uasset" 222
"../../../Engine/Content/EngineMaterials/DefaultPostProcessMaterial.uasset" 223
"../../../Engine/Content/EngineFonts/RobotoDistanceField.uasset" 224
"../../../Engine/Content/EngineMaterials/DefaultTextMaterialOpaque.uasset" 225
"../../../Engine/Content/EngineMaterials/DefaultWhiteGrid.uasset" 226
"../../../Engine/Content/EngineMaterials/EditorBrushMaterial.uasset" 227
"../../../Engine/Content/EngineMaterials/Good64x64TilingNoiseHighFreq.uasset" 228
"../../../Engine/Content/EngineMaterials/MiniFont.uasset" 229
"../../../Engine/Content/EngineMaterials/InvalidLightmapSettings.uasset" 230
"../../../Engine/Content/EngineMaterials/M_InvalidLightmapSettings.uasset" 231
"../../../Engine/Content/Functions/Engine_MaterialFunctions02/WorldPositionOffset/CameraOffset.uasset" 232
"../../../Engine/Content/EngineMaterials/PhAT_JointLimitMaterial.uasset" 233
"../../../Engine/Content/EngineMaterials/PreintegratedSkinBRDF.uasset" 234
"../../../Engine/Content/EngineMaterials/RemoveSurfaceMaterial.uasset" 235
"../../../Engine/Content/EngineMaterials/WeightMapPlaceholderTexture.uasset" 236
"../../../Engine/Content/EngineResources/WhiteSquareTexture.uasset" 237
"../../../Engine/Content/EngineMaterials/Widget3DPassThrough.uasset" 238
"../../../Engine/Content/EngineMaterials/Widget3DPassThrough_Masked.uasset" 239
"../../../Engine/Content/EngineMaterials/Widget3DPassThrough_Opaque.uasset" 240
"../../../Engine/Content/EngineMaterials/Widget3DPassThrough_Masked_OneSided.uasset" 241
"../../../Engine/Content/EngineMaterials/Widget3DPassThrough_Opaque_OneSided.uasset" 242
"../../../Engine/Content/EngineMaterials/Widget3DPassThrough_Translucent.uasset" 243
"../../../Engine/Content/EngineMaterials/Widget3DPassThrough_Translucent_OneSided.uasset" 244
"../../../Engine/Content/EngineMeshes/Cube.uasset" 245
"../../../Engine/Content/EngineMeshes/Cylinder.uasset" 246
"../../../Engine/Content/EngineMeshes/Sphere.uasset" 247
"../../../Engine/Content/EngineResources/Black.uasset" 248
"../../../Engine/Content/EngineResources/DefaultTexture.uasset" 249
"../../../Engine/Content/EngineResources/DefaultTextureCube.uasset" 250
"../../../Engine/Content/EngineResources/GradientTexture0.uasset" 251
"../../../Engine/Content/EngineSounds/Master.uasset" 252
"../../../Engine/Content/Functions/Engine_MaterialFunctions01/Shading/ConvertFromDiffSpec.uasset" 253
"../../../Engine/Content/Functions/Engine_MaterialFunctions01/Shading/PowerToRoughness.uasset" 254
"../../../Engine/Content/Maps/Templates/Thumbnails/Default.uasset" 255
"../../../Engine/Content/Maps/Templates/Thumbnails/VR-Basic.uasset" 256
"../../../Engine/Content/MobileResources/T_MobileControls_texture.uasset" 257
"../../../Engine/Content/MobileResources/T_MobileMenu2.uasset" 258
"../../../Engine/Content/MobileResources/HUD/AnalogHat.uasset" 259
"../../../Engine/Content/MobileResources/HUD/VirtualJoystick_Background.uasset" 260
"../../../Engine/Content/MobileResources/HUD/VirtualJoystick_Thumb.uasset" 261
"../../../Engine/Content/MobileResources/HUD/DefaultVirtualJoysticks.uasset" 262
"../../../Engine/Content/MobileResources/HUD/LeftVirtualJoystickOnly.uasset" 263
"../../../Engine/Content/MobileResources/HUD/MobileHUDButton1_off.uasset" 264
"../../../Engine/Content/MobileResources/HUD/MobileHUDButton1_on.uasset" 265
"../../../Engine/Content/MobileResources/HUD/MobileHUDButton2_off.uasset" 266
"../../../Engine/Content/MobileResources/HUD/MobileHUDButton2_on.uasset" 267
"../../../Engine/Content/MobileResources/HUD/MobileHUDButton3.uasset" 268
"../../../Engine/Content/MobileResources/HUD/MobileHUDButtonFire.uasset" 269
"../../../Engine/Content/MobileResources/HUD/MobileHUDDirectionPad.uasset" 270
"../../../Engine/Content/MobileResources/HUD/MobileHUDDirectionPad2.uasset" 271
"../../../Engine/Content/MobileResources/HUD/MobileHUDDirectionPad3.uasset" 272
"../../../Engine/Content/MobileResources/HUD/MobileHUDDirectionStick.uasset" 273
"../../../Engine/Content/MobileResources/HUD/T_Castle_ThumbstickInner.uasset" 274
"../../../Engine/Content/MobileResources/HUD/T_Castle_ThumbstickOutter.uasset" 275
"../../../Engine/Content/Tutorial/ContentIntroCurve.uasset" 276
"../../../Engine/Content/Tutorial/Basics/TutorialAssets/CameraActor_64x.uasset" 277
"../../../Engine/Content/Tutorial/Basics/TutorialAssets/icon_tab_Levels_40x.uasset" 278
"../../../Engine/Content/Tutorial/BlueprintTutorials/TutorialAssets/BlueprintInterface_64x.uasset" 279
"../../../Engine/Content/Tutorial/BlueprintTutorials/TutorialAssets/BlueprintMacroLibrary_64x.uasset" 280
"../../../Engine/Content/Tutorial/BlueprintTutorials/TutorialAssets/Blueprint_64x.uasset" 281
"../../../Engine/Content/Tutorial/BlueprintTutorials/TutorialAssets/Tutorial_BP_Interface.uasset" 282
"../../../Engine/Content/Tutorial/Foliage/TutorialAssets/Foliage.uasset" 283
"../../../Engine/Content/Tutorial/Landscape/TutorialAssets/Landscape.uasset" 284
"../../../Engine/Content/Tutorial/Paper2D/TutorialAssets/Paper2DFlipbook_TutorialIcon.uasset" 285
"../../../Engine/Content/Tutorial/Paper2D/TutorialAssets/Paper2DSprite_TutorialIcon.uasset" 286
"../../../Engine/Content/Tutorial/SubEditors/TutorialAssets/icon_Editor_Preferences_General_40x.uasset" 287
"../../../Engine/Content/Tutorial/SubEditors/TutorialAssets/icon_ShowSkeletalMeshes_40x.uasset" 288
"../../../Engine/Content/Tutorial/SubEditors/TutorialAssets/TutorialMaterial.uasset" 289
"../../../Engine/Content/Tutorial/SubEditors/TutorialAssets/T_SmokeSubUV_8X8.uasset" 290
"../../../Engine/Content/Tutorial/SubEditors/TutorialAssets/T_soft_smoke.uasset" 291
"../../../Engine/Content/Tutorial/SubEditors/TutorialAssets/M_smoke_subUV_blackbody.uasset" 292
"../../../Engine/Content/Tutorial/SubEditors/TutorialAssets/TutorialParticleSystem.uasset" 293
"../../../Engine/Content/VREditor/Devices/Generic/GenericHMDMaterial.uasset" 294
"../../../Engine/Content/VREditor/Devices/Generic/GenericHMD.uasset" 295
"../../../Engine/Content/VREditor/FloatingText/LineMaterial.uasset" 296
"../../../Engine/Content/VREditor/FloatingText/JointSphere.uasset" 297
"../../../Engine/Content/VREditor/FloatingText/LineSegmentCylinder.uasset" 298
"../../../Engine/Content/VREditor/Fonts/VRText_RobotoLarge.uasset" 299
"../../../Engine/Content/VREditor/Fonts/VRTextMaterial.uasset" 300
"../../../Engine/Content/VREditor/Fonts/TranslucentVRTextMaterial.uasset" 301
"../../../Engine/Content/VREditor/LaserPointer/CursorPointer.uasset" 302
"../../../Engine/Content/VREditor/LaserPointer/VR_LaserPower_01.uasset" 303
"../../../Engine/Content/VREditor/TransformGizmo/TransformGizmoMaterial.uasset" 304
"../../../Engine/Content/VREditor/LaserPointer/HoverMaterial.uasset" 305
"../../../Engine/Content/VREditor/TransformGizmo/TranslucentTransformGizmoMaterial.uasset" 306
"../../../Engine/Content/VREditor/LaserPointer/TranslucentHoverMaterial.uasset" 307
"../../../Engine/Content/VREditor/LaserPointer/HoverMesh.uasset" 308
"../../../Engine/Content/VREditor/LaserPointer/LaserPointerMaterial.uasset" 309
"../../../Engine/Content/VREditor/LaserPointer/LaserPointerMaterialInst.uasset" 310
"../../../Engine/Content/VREditor/LaserPointer/TranslucentLaserPointerMaterialInst.uasset" 311
"../../../Engine/Content/VREditor/LaserPointer/LaserPointerMesh.uasset" 312
"../../../Engine/Content/VREditor/LaserPointer/LaserPointerMesh_End.uasset" 313
"../../../Engine/Content/VREditor/LaserPointer/LaserPointerMesh_Start.uasset" 314
"../../../Engine/Content/Functions/Engine_MaterialFunctions02/Utility/BreakOutFloat3Components.uasset" 315
"../../../Engine/Content/Functions/Engine_MaterialFunctions02/Math/Transform3x3Matrix.uasset" 316
"../../../Engine/Content/Functions/Engine_MaterialFunctions02/SplitComponents.uasset" 317
"../../../Engine/Content/Functions/Engine_MaterialFunctions02/Utility/MakeFloat3.uasset" 318
"../../../Engine/Content/VREditor/SnapGrid/SnapGridMaterial.uasset" 319
"../../../Engine/Content/VREditor/SnapGrid/SnapGridPlaneMesh.uasset" 320
"../../../Engine/Content/VREditor/Sounds/VR_teleport.uasset" 321
"../../../Engine/Content/VREditor/Sounds/UI/Click_on_Button_Cue.uasset" 322
"../../../Engine/Content/VREditor/Sounds/UI/Dockable_Window_Close.uasset" 323
"../../../Engine/Content/VREditor/Sounds/UI/Dockable_Window_Drop.uasset" 324
"../../../Engine/Content/VREditor/Sounds/UI/Dockable_Window_Open.uasset" 325
"../../../Engine/Content/VREditor/Sounds/UI/Dockable_Window_Pick_Up.uasset" 326
"../../../Engine/Content/VREditor/Sounds/UI/Drop_Item_From_ContentBrowser.uasset" 327
"../../../Engine/Content/VREditor/Sounds/UI/Floating_UI_Open-001.uasset" 328
"../../../Engine/Content/VREditor/Sounds/UI/Gizmo_Handle_Clicked.uasset" 329
"../../../Engine/Content/VREditor/Sounds/UI/Object_PickUp.uasset" 330
"../../../Engine/Content/VREditor/Sounds/UI/Object_Snaps_To_Another_Actor.uasset" 331
"../../../Engine/Content/VREditor/Sounds/UI/Object_Snaps_To_Grid.uasset" 332
"../../../Engine/Content/VREditor/Sounds/UI/Radial_Menu_FadeOut.uasset" 333
"../../../Engine/Content/VREditor/Sounds/UI/Scaling_Down.uasset" 334
"../../../Engine/Content/VREditor/Sounds/UI/Scaling_Up.uasset" 335
"../../../Engine/Content/VREditor/Sounds/UI/Selection_Changes.uasset" 336
"../../../Engine/Content/VREditor/Sounds/UI/Teleport_Mode_Entered.uasset" 337
"../../../Engine/Content/VREditor/Teleport/TeleportDirectionMaterial.uasset" 338
"../../../Engine/Content/VREditor/Teleport/TeleportDirectionMaterial_Inst.uasset" 339
"../../../Engine/Content/VREditor/Teleport/TeleportDirectionMesh.uasset" 340
"../../../Engine/Content/VREditor/TransformGizmo/BoundingBoxCorner.uasset" 341
"../../../Engine/Content/VREditor/TransformGizmo/BoundingBoxEdge.uasset" 342
"../../../Engine/Content/VREditor/TransformGizmo/PlaneTranslationHandle.uasset" 343
"../../../Engine/Content/VREditor/TransformGizmo/RotationHandleFull.uasset" 344
"../../../Engine/Content/VREditor/TransformGizmo/RotationHandleIndicator.uasset" 345
"../../../Engine/Content/VREditor/TransformGizmo/RotationHandleQuarter.uasset" 346
"../../../Engine/Content/VREditor/TransformGizmo/Main.uasset" 347
"../../../Engine/Content/VREditor/TransformGizmo/Xray.uasset" 348
"../../../Engine/Content/VREditor/TransformGizmo/SM_Dialog_Close.uasset" 349
"../../../Engine/Content/VREditor/TransformGizmo/SM_Dialog_Move.uasset" 350
"../../../Engine/Content/VREditor/TransformGizmo/SM_Sequencer_Key.uasset" 351
"../../../Engine/Content/VREditor/TransformGizmo/SM_Sequencer_Node.uasset" 352
"../../../Engine/Content/VREditor/TransformGizmo/StartRotationHandleIndicator.uasset" 353
"../../../Engine/Content/VREditor/TransformGizmo/TranslucentTransformGizmoMaterial_Inst.uasset" 354
"../../../Engine/Content/VREditor/TransformGizmo/TransformGizmoFreeRotation.uasset" 355
"../../../Engine/Content/VREditor/TransformGizmo/TransformGizmoMaterial_Inst.uasset" 356
"../../../Engine/Content/VREditor/TransformGizmo/TranslateArrowHandle.uasset" 357
"../../../Engine/Content/VREditor/TransformGizmo/UniformScaleHandle.uasset" 358
"../../../Engine/Content/VREditor/UI/KeyDiskMaterial.uasset" 359
"../../../Engine/Content/VREditor/UI/DiscMaterial.uasset" 360
"../../../Engine/Content/VREditor/UI/SM_Radial_Disk.uasset" 361
"../../../Engine/Content/VREditor/WorldMovementGrid/SimpleGrid.uasset" 362
"../../../Engine/Content/VREditor/WorldMovementGrid/GridMaterial.uasset" 363
"../../../Engine/Content/Functions/Engine_MaterialFunctions01/Density/ExponentialDensity.uasset" 364
"../../../Engine/Content/VREditor/WorldMovementGrid/GridPostProcess.uasset" 365
"../../../Engine/Content/EditorLandscapeResources/FlattenHeightMat.uasset" 366
"../../../Engine/Content/VREditor/WorldMovementGrid/PlaneMesh.uasset" 367
"../../../Engine/Plugins/2D/Paper2D/Content/PlaceholderTextures/DummySpriteTexture.uasset" 368
"../../../Engine/Plugins/2D/Paper2D/Content/DummySprite.uasset" 369
"../../../Engine/Plugins/2D/Paper2D/Content/DefaultPaperTerrainMaterial.uasset" 370
"../../../Engine/Plugins/2D/Paper2D/Content/DefaultSpriteMaterial.uasset" 371
"../../../Engine/Plugins/2D/Paper2D/Content/MaskedUnlitSpriteMaterial.uasset" 372
"../../../Engine/Plugins/2D/Paper2D/Content/OpaqueUnlitSpriteMaterial.uasset" 373
"../../../Engine/Plugins/Media/MediaCompositing/Content/DefaultMediaPlaneMaterial.uasset" 374
"../../../Engine/Content/Functions/Engine_MaterialFunctions01/Texturing/ScaleUVsByCenter.uasset" 375
"../../../Engine/Content/Functions/Engine_MaterialFunctions02/Utility/MakeFloat4.uasset" 376
"../../../Engine/Plugins/Runtime/AppleARKit/Content/ARKitCameraMaterial.uasset" 377
"../../../Engine/Plugins/Runtime/Oculus/OculusVR/Content/Textures/GearVRController_AO.uasset" 378
"../../../Engine/Plugins/Runtime/Oculus/OculusVR/Content/Textures/GearVRController_Color.uasset" 379
"../../../Engine/Plugins/Runtime/Oculus/OculusVR/Content/Textures/GearVRController_Normal.uasset" 380
"../../../Engine/Plugins/Runtime/Oculus/OculusVR/Content/Materials/GearVRControllerMaterial.uasset" 381
"../../../Engine/Plugins/Runtime/Oculus/OculusVR/Content/Meshes/GearVrController.uasset" 382
"../../../CubicJam/Content/FirstPerson/Character/Mesh/SK_Mannequin_Arms_Skeleton.uasset" 383
"../../../CubicJam/Content/FirstPerson/Animations/FirstPerson_Idle.uasset" 384
"../../../CubicJam/Content/FirstPerson/Animations/FirstPerson_JumpEnd.uasset" 385
"../../../CubicJam/Content/FirstPerson/Animations/FirstPerson_JumpLoop.uasset" 386
"../../../CubicJam/Content/FirstPerson/Animations/FirstPerson_JumpStart.uasset" 387
"../../../CubicJam/Content/FirstPerson/Animations/FirstPerson_Run.uasset" 388
"../../../Engine/Content/EditorBlueprintResources/StandardMacros.uasset" 389
"../../../CubicJam/Content/FirstPerson/Animations/FirstPerson_AnimBP.uasset" 390
"../../../CubicJam/Content/FirstPerson/Animations/FirstPerson_Fire.uasset" 391
"../../../CubicJam/Content/FirstPerson/Animations/FirstPersonFire_Montage.uasset" 392
"../../../CubicJam/Content/Blueprints/TriggerBox/ShootingStyle.uasset" 393
"../../../CubicJam/Content/Blueprints/TriggerBox/CatchAllMessenger.uasset" 394
"../../../CubicJam/Content/Hughes_Content/Textures/T_Main.uasset" 395
"../../../CubicJam/Content/Hughes_Content/Materials/M_MainMaterial.uasset" 396
"../../../CubicJam/Content/Hughes_Content/Mesh/WoodenBarrel1.uasset" 397
"../../../CubicJam/Content/StarterContent/Audio/Explosion01.uasset" 398
"../../../CubicJam/Content/Blueprints/Targets/TargetBad.uasset" 399
"../../../CubicJam/Content/Blueprints/Targets/TargetTest.uasset" 400
"../../../CubicJam/Content/Blueprints/TriggerBox/Trigger.uasset" 401
"../../../CubicJam/Content/Blueprints/TriggerBox/M_Trigger_Plane.uasset" 402
"../../../Engine/Content/BasicShapes/Plane.uasset" 403
"../../../CubicJam/Content/Blueprints/TriggerBox/TriggerGameBox2.uasset" 404
"../../../CubicJam/Content/FirstPersonBP/Blueprints/FirstPersonProjectile.uasset" 405
"../../../CubicJam/Content/FirstPersonBP/Blueprints/Bullet.uasset" 406
"../../../CubicJam/Content/StarterContent/Props/SM_Chair.uasset" 407
"../../../CubicJam/Content/FirstPersonBP/Blueprints/Bullet2.uasset" 408
"../../../CubicJam/Content/FirstPerson/Audio/FirstPersonTemplateWeaponFire02.uasset" 409
"../../../Engine/Content/Functions/MaterialLayerFunctions/MatLayerBlend_NormalBlend.uasset" 410
"../../../Engine/Content/Functions/MaterialLayerFunctions/MatLayerBlend_Simple.uasset" 411
"../../../CubicJam/Content/FirstPerson/Character/Materials/MaterialLayers/T_ML_Rubber_Blue_01_D.uasset" 412
"../../../CubicJam/Content/FirstPerson/Character/Materials/MaterialLayers/T_ML_Rubber_Blue_01_N.uasset" 413
"../../../CubicJam/Content/FirstPerson/Character/Materials/MaterialLayers/ML_GlossyBlack_Latex_UE4.uasset" 414
"../../../CubicJam/Content/FirstPerson/Character/Materials/MaterialLayers/ML_Plastic_Shiny_Beige.uasset" 415
"../../../CubicJam/Content/FirstPerson/Character/Materials/MaterialLayers/ML_Plastic_Shiny_Beige_LOGO.uasset" 416
"../../../CubicJam/Content/FirstPerson/Character/Materials/MaterialLayers/T_ML_Aluminum01.uasset" 417
"../../../CubicJam/Content/FirstPerson/Character/Materials/MaterialLayers/T_ML_Aluminum01_N.uasset" 418
"../../../CubicJam/Content/FirstPerson/Character/Materials/MaterialLayers/ML_SoftMetal_UE4.uasset" 419
"../../../CubicJam/Content/FirstPerson/Character/Textures/UE4_Mannequin__normals.uasset" 420
"../../../CubicJam/Content/FirstPerson/Character/Textures/UE4_Mannequin_MAT_MASKA.uasset" 421
"../../../CubicJam/Content/FirstPerson/Character/Materials/M_UE4Man_Body.uasset" 422
"../../../CubicJam/Content/FirstPerson/Character/Mesh/SK_Mannequin_Arms_PhysicsAsset.uasset" 423
"../../../CubicJam/Content/FirstPerson/Character/Mesh/SK_Mannequin_Arms.uasset" 424
"../../../CubicJam/Content/FirstPerson/FPWeapon/Materials/MaterialLayers/T_ML_Rubber_Blue_01_D.uasset" 425
"../../../CubicJam/Content/FirstPerson/FPWeapon/Materials/MaterialLayers/T_ML_Rubber_Blue_01_N.uasset" 426
"../../../CubicJam/Content/FirstPerson/FPWeapon/Materials/MaterialLayers/ML_GlossyBlack_Latex_UE4.uasset" 427
"../../../CubicJam/Content/FirstPerson/FPWeapon/Materials/MaterialLayers/ML_Plastic_Shiny_Beige.uasset" 428
"../../../CubicJam/Content/FirstPerson/FPWeapon/Materials/MaterialLayers/ML_Screen.uasset" 429
"../../../CubicJam/Content/FirstPerson/FPWeapon/Materials/MaterialLayers/T_ML_Aluminum01.uasset" 430
"../../../CubicJam/Content/FirstPerson/FPWeapon/Materials/MaterialLayers/T_ML_Aluminum01_N.uasset" 431
"../../../CubicJam/Content/FirstPerson/FPWeapon/Materials/MaterialLayers/ML_SoftMetal_UE4.uasset" 432
"../../../CubicJam/Content/FirstPerson/FPWeapon/Textures/T_FPGun_M.uasset" 433
"../../../CubicJam/Content/FirstPerson/FPWeapon/Textures/T_FPGun_N.uasset" 434
"../../../CubicJam/Content/FirstPerson/FPWeapon/Materials/M_FPGun.uasset" 435
"../../../CubicJam/Content/FirstPerson/FPWeapon/Mesh/SK_FPGun_Skeleton.uasset" 436
"../../../CubicJam/Content/FirstPerson/FPWeapon/Mesh/SK_FPGun.uasset" 437
"../../../CubicJam/Content/FirstPerson/FPWeapon/Materials/M_FPGun2.uasset" 438
"../../../CubicJam/Content/FirstPerson/FPWeapon/Mesh/SK_FPGun2.uasset" 439
"../../../CubicJam/Content/FirstPersonBP/Blueprints/FirstPersonCharacter.uasset" 440
"../../../CubicJam/Content/StarterContent/Textures/T_Water_M.uasset" 441
"../../../CubicJam/Content/StarterContent/Materials/M_Water_Ocean.uasset" 442
"../../../CubicJam/Content/MattTest/AIEnemy.uasset" 443
"../../../Engine/Content/EngineSky/C_Sky_Cloud_Color.uasset" 444
"../../../Engine/Content/EngineSky/C_Sky_Horizon_Color.uasset" 445
"../../../Engine/Content/EngineSky/C_Sky_Zenith_Color.uasset" 446
"../../../Engine/Content/EngineSky/T_Sky_Blue.uasset" 447
"../../../Engine/Content/EngineSky/T_Sky_Clouds_M.uasset" 448
"../../../Engine/Content/EngineSky/T_Sky_Stars.uasset" 449
"../../../Engine/Content/EngineSky/M_Sky_Panning_Clouds2.uasset" 450
"../../../Engine/Content/EngineSky/SM_SkySphere.uasset" 451
"../../../Engine/Content/EngineSky/BP_Sky_Sphere.uasset" 452
"../../../CubicJam/Content/FirstPerson/Textures/FirstPersonCrosshair.uasset" 453
"../../../CubicJam/Content/FirstPersonBP/Blueprints/FirstPersonHUD.uasset" 454
"../../../CubicJam/Content/FirstPersonBP/Blueprints/FirstPersonGameMode.uasset" 455
"../../../CubicJam/Content/MattTest/DestructableCube_DM_BP.uasset" 456
"../../../CubicJam/Content/FirstPersonBP/Maps/FirstPersonExampleMap_BuiltData.uasset" 457
"../../../Engine/Content/Functions/Engine_MaterialFunctions03/Procedurals/ComputeFilterWidth.uasset" 458
"../../../Engine/Content/EngineMaterials/AntiAliasedTextMaterialTranslucent.uasset" 459
"../../../CubicJam/Content/Geometry/Meshes/1M_Cube.uasset" 460
"../../../CubicJam/Content/FirstPersonBP/Maps/FirstPersonExampleMap.umap" 461
"../../../CubicJam/Content/Hughes_Content/Maps/Hughes_Level_BuiltData.uasset" 462
"../../../CubicJam/Content/Hughes_Content/Materials/M_Desert_Base.uasset" 463
"../../../CubicJam/Content/Hughes_Content/Materials/M_Wood_Lite.uasset" 464
"../../../Engine/Content/BasicShapes/Cube.uasset" 465
"../../../CubicJam/Content/Hughes_Content/Mesh/DistantBackgroundMountains.uasset" 466
"../../../CubicJam/Content/Hughes_Content/Mesh/TorchBig.uasset" 467
"../../../CubicJam/Content/Hughes_Content/Mesh/TorchSmall.uasset" 468
"../../../CubicJam/Content/Hughes_Content/Mesh/Wagon.uasset" 469
"../../../CubicJam/Content/Hughes_Content/Mesh/WoodenBarrels3.uasset" 470
"../../../CubicJam/Content/Hughes_Content/Mesh/WoodenHouse2.uasset" 471
"../../../CubicJam/Content/Hughes_Content/Mesh/WoodenTable.uasset" 472
"../../../CubicJam/Content/Hughes_Content/Mesh/WoodenWall1.uasset" 473
"../../../CubicJam/Content/Hughes_Content/Mesh/WoodenWallDamaged1.uasset" 474
"../../../CubicJam/Content/StarterContent/Textures/T_Dust_Particle_D.uasset" 475
"../../../CubicJam/Content/StarterContent/Particles/Materials/M_Dust_Particle.uasset" 476
"../../../CubicJam/Content/StarterContent/Particles/P_Ambient_Dust.uasset" 477
"../../../CubicJam/Content/Hughes_Content/Maps/Hughes_Level.umap" 478
"../../../CubicJam/Content/StarterContent/Textures/T_Brick_Clay_Beveled_D.uasset" 479
"../../../CubicJam/Content/StarterContent/Textures/T_Brick_Clay_Beveled_M.uasset" 480
"../../../CubicJam/Content/StarterContent/Textures/T_Brick_Clay_Beveled_N.uasset" 481
"../../../CubicJam/Content/StarterContent/Textures/T_MacroVariation.uasset" 482
"../../../CubicJam/Content/StarterContent/Materials/M_Brick_Clay_Beveled.uasset" 483
"../../../CubicJam/Content/StarterContent/Textures/T_Ground_Grass_D.uasset" 484
"../../../CubicJam/Content/StarterContent/Textures/T_Ground_Grass_N.uasset" 485
"../../../CubicJam/Content/StarterContent/Materials/M_Ground_Grass.uasset" 486
"../../../Engine/Content/MapTemplates/SM_Template_Map_Floor.uasset" 487
"../../../CubicJam/Content/Levels/ShootingRange.umap" 488
"../../../CubicJam/Content/Blueprints/Targets/DeadlyBarrel.uasset" 489
"../../../CubicJam/Content/Levels/TylerShootingRange.umap" 490
"../../../CubicJam/Content/StarterContent/Blueprints/Assets/FogBrightnessLUT.uasset" 491
"../../../CubicJam/Content/StarterContent/Blueprints/Assets/SunlightColorLUT.uasset" 492
"../../../CubicJam/Content/StarterContent/Blueprints/Assets/M_LightStage_Arrows.uasset" 493
"../../../Engine/Content/MapTemplates/Sky/DaylightAmbientCubemap.uasset" 494
"../../../CubicJam/Content/StarterContent/Blueprints/Assets/M_LightStage_Skybox_Master.uasset" 495
"../../../CubicJam/Content/StarterContent/Blueprints/Assets/M_LightStage_Skybox_Black.uasset" 496
"../../../CubicJam/Content/StarterContent/Blueprints/Assets/M_LightStage_Skybox_HDRI.uasset" 497
"../../../Engine/Content/EditorMaterials/Thumbnails/SkySphereMaterial.uasset" 498
"../../../CubicJam/Content/StarterContent/Blueprints/Assets/Skybox.uasset" 499
"../../../CubicJam/Content/StarterContent/Blueprints/Assets/SM_Arrows.uasset" 500
"../../../CubicJam/Content/StarterContent/HDRI/HDRI_Epic_Courtyard_Daylight.uasset" 501
"../../../CubicJam/Content/StarterContent/Blueprints/BP_LightStudio.uasset" 502
"../../../CubicJam/Content/StarterContent/Maps/Advanced_Lighting_BuiltData.uasset" 503
"../../../CubicJam/Content/StarterContent/Materials/M_AssetPlatform.uasset" 504
"../../../Engine/Content/EditorMeshes/ColorCalibrator/M_ChromeBall.uasset" 505
"../../../Engine/Content/EditorMeshes/ColorCalibrator/M_ClearCoat.uasset" 506
"../../../Engine/Content/EditorMeshes/ColorCalibrator/M_ClearCoatBlack.uasset" 507
"../../../Engine/Content/EditorMeshes/ColorCalibrator/Color_checker.uasset" 508
"../../../Engine/Content/EditorMeshes/ColorCalibrator/M_ColorGrid.uasset" 509
"../../../Engine/Content/EditorMeshes/ColorCalibrator/M_GreyBall.uasset" 510
"../../../Engine/Content/EditorMeshes/ColorCalibrator/SM_ColorCalibrator.uasset" 511
"../../../CubicJam/Content/StarterContent/Architecture/SM_AssetPlatform.uasset" 512
"../../../CubicJam/Content/StarterContent/Maps/Advanced_Lighting.umap" 513
"../../../CubicJam/Content/StarterContent/Maps/Minimal_Default_BuiltData.uasset" 514
"../../../CubicJam/Content/StarterContent/Materials/M_Metal_Brushed_Nickel.uasset" 515
"../../../CubicJam/Content/StarterContent/Textures/T_Metal_Aluminum_D.uasset" 516
"../../../CubicJam/Content/StarterContent/Textures/T_Metal_Gold_N.uasset" 517
"../../../CubicJam/Content/StarterContent/Materials/M_Metal_Burnished_Steel.uasset" 518
"../../../CubicJam/Content/StarterContent/Textures/T_Metal_Copper_D.uasset" 519
"../../../CubicJam/Content/StarterContent/Materials/M_Metal_Copper.uasset" 520
"../../../CubicJam/Content/StarterContent/Textures/T_Statue_M.uasset" 521
"../../../CubicJam/Content/StarterContent/Textures/T_Statue_N.uasset" 522
"../../../CubicJam/Content/StarterContent/Props/Materials/M_StatueGlass.uasset" 523
"../../../CubicJam/Content/StarterContent/Architecture/Floor_400x400.uasset" 524
"../../../CubicJam/Content/StarterContent/Audio/Starter_Background_Cue.uasset" 525
"../../../CubicJam/Content/StarterContent/Props/Materials/M_Statue.uasset" 526
"../../../CubicJam/Content/StarterContent/Props/SM_Statue.uasset" 527
"../../../CubicJam/Content/StarterContent/Textures/T_TableRound_M.uasset" 528
"../../../CubicJam/Content/StarterContent/Textures/T_TableRound_N.uasset" 529
"../../../CubicJam/Content/StarterContent/Props/Materials/M_TableRound.uasset" 530
"../../../CubicJam/Content/StarterContent/Props/SM_TableRound.uasset" 531
"../../../CubicJam/Content/StarterContent/Maps/Minimal_Default.umap" 532
"../../../CubicJam/Content/StarterContent/Audio/Fire01_Cue.uasset" 533
"../../../CubicJam/Content/StarterContent/Textures/T_Fire_SubUV.uasset" 534
"../../../CubicJam/Content/StarterContent/Textures/T_Fire_Tiled_D.uasset" 535
"../../../CubicJam/Content/StarterContent/Particles/Materials/M_Fire_SubUV.uasset" 536
"../../../CubicJam/Content/StarterContent/Particles/Materials/M_Heat_Distortion.uasset" 537
"../../../CubicJam/Content/StarterContent/Particles/Materials/M_Radial_Gradient.uasset" 538
"../../../CubicJam/Content/StarterContent/Particles/P_Fire.uasset" 539
"../../../CubicJam/Content/StarterContent/Blueprints/Blueprint_Effect_Fire.uasset" 540
"../../../CubicJam/Content/StarterContent/Audio/Smoke01_Cue.uasset" 541
"../../../CubicJam/Content/StarterContent/Particles/P_Smoke.uasset" 542
"../../../CubicJam/Content/StarterContent/Blueprints/Blueprint_Effect_Smoke.uasset" 543
"../../../CubicJam/Content/StarterContent/Audio/Fire_Sparks01_Cue.uasset" 544
"../../../CubicJam/Content/StarterContent/Textures/T_Spark_Core.uasset" 545
"../../../CubicJam/Content/StarterContent/Particles/Materials/M_Spark.uasset" 546
"../../../CubicJam/Content/StarterContent/Particles/P_Sparks.uasset" 547
"../../../CubicJam/Content/StarterContent/Blueprints/Blueprint_Effect_Sparks.uasset" 548
"../../../CubicJam/Content/StarterContent/Audio/Steam01_Cue.uasset" 549
"../../../CubicJam/Content/StarterContent/Particles/P_Steam_Lit.uasset" 550
"../../../CubicJam/Content/StarterContent/Blueprints/Blueprint_Effect_Steam.uasset" 551
"../../../CubicJam/Content/StarterContent/Textures/T_Lamp_M.uasset" 552
"../../../CubicJam/Content/StarterContent/Textures/T_Lamp_N.uasset" 553
"../../../CubicJam/Content/StarterContent/Props/Materials/M_Lamp.uasset" 554
"../../../CubicJam/Content/StarterContent/Props/SM_Lamp_Ceiling.uasset" 555
"../../../CubicJam/Content/StarterContent/Blueprints/Blueprint_CeilingLight.uasset" 556
"../../../CubicJam/Content/StarterContent/Props/SM_Lamp_Wall.uasset" 557
"../../../CubicJam/Content/StarterContent/Blueprints/Blueprint_WallSconce.uasset" 558
"../../../CubicJam/Content/StarterContent/Maps/StarterMap_BuiltData.uasset" 559
"../../../CubicJam/Content/StarterContent/Textures/T_Brick_Clay_New_D.uasset" 560
"../../../CubicJam/Content/StarterContent/Textures/T_Brick_Clay_New_M.uasset" 561
"../../../CubicJam/Content/StarterContent/Textures/T_Brick_Clay_New_N.uasset" 562
"../../../CubicJam/Content/StarterContent/Materials/M_Brick_Clay_New.uasset" 563
"../../../CubicJam/Content/StarterContent/Textures/T_Brick_Clay_Old_D.uasset" 564
"../../../CubicJam/Content/StarterContent/Textures/T_Brick_Clay_Old_N.uasset" 565
"../../../CubicJam/Content/StarterContent/Materials/M_Brick_Clay_Old.uasset" 566
"../../../CubicJam/Content/StarterContent/Textures/T_Brick_Cut_Stone_D.uasset" 567
"../../../CubicJam/Content/StarterContent/Textures/T_Brick_Cut_Stone_N.uasset" 568
"../../../CubicJam/Content/StarterContent/Materials/M_Brick_Cut_Stone.uasset" 569
"../../../CubicJam/Content/StarterContent/Textures/T_Brick_Hewn_Stone_D.uasset" 570
"../../../CubicJam/Content/StarterContent/Textures/T_Brick_Hewn_Stone_M.uasset" 571
"../../../CubicJam/Content/StarterContent/Textures/T_Brick_Hewn_Stone_N.uasset" 572
"../../../CubicJam/Content/StarterContent/Materials/M_Brick_Hewn_Stone.uasset" 573
"../../../CubicJam/Content/StarterContent/Textures/T_Ceramic_Tile_M.uasset" 574
"../../../CubicJam/Content/StarterContent/Textures/T_Ceramic_Tile_N.uasset" 575
"../../../CubicJam/Content/StarterContent/Textures/T_Rock_Marble_Polished_D.uasset" 576
"../../../CubicJam/Content/StarterContent/Materials/M_Ceramic_Tile_Checker.uasset" 577
"../../../CubicJam/Content/StarterContent/Textures/T_CobbleStone_Pebble_D.uasset" 578
"../../../CubicJam/Content/StarterContent/Textures/T_CobbleStone_Pebble_M.uasset" 579
"../../../CubicJam/Content/StarterContent/Textures/T_CobbleStone_Pebble_N.uasset" 580
"../../../CubicJam/Content/StarterContent/Materials/M_CobbleStone_Pebble.uasset" 581
"../../../CubicJam/Content/StarterContent/Textures/T_CobbleStone_Rough_D.uasset" 582
"../../../CubicJam/Content/StarterContent/Textures/T_CobbleStone_Rough_N.uasset" 583
"../../../CubicJam/Content/StarterContent/Textures/T_Gradinet_01.uasset" 584
"../../../CubicJam/Content/StarterContent/Textures/T_Rock_Smooth_Granite_D.uasset" 585
"../../../CubicJam/Content/StarterContent/Materials/M_CobbleStone_Rough.uasset" 586
"../../../CubicJam/Content/StarterContent/Textures/T_CobbleStone_Smooth_D.uasset" 587
"../../../CubicJam/Content/StarterContent/Textures/T_CobbleStone_Smooth_M.uasset" 588
"../../../CubicJam/Content/StarterContent/Textures/T_CobbleStone_Smooth_N.uasset" 589
"../../../CubicJam/Content/StarterContent/Materials/M_CobbleStone_Smooth.uasset" 590
"../../../CubicJam/Content/StarterContent/Textures/T_Concrete_Grime_D.uasset" 591
"../../../CubicJam/Content/StarterContent/Textures/T_Metal_Rust_N.uasset" 592
"../../../CubicJam/Content/StarterContent/Materials/M_Concrete_Grime.uasset" 593
"../../../CubicJam/Content/StarterContent/Textures/T_Concrete_Panels_D.uasset" 594
"../../../CubicJam/Content/StarterContent/Textures/T_Concrete_Panels_N.uasset" 595
"../../../CubicJam/Content/StarterContent/Materials/M_Concrete_Panels.uasset" 596
"../../../CubicJam/Content/StarterContent/Textures/T_Concrete_Poured_D.uasset" 597
"../../../CubicJam/Content/StarterContent/Textures/T_Concrete_Poured_N.uasset" 598
"../../../CubicJam/Content/StarterContent/Materials/M_Concrete_Poured.uasset" 599
"../../../CubicJam/Content/StarterContent/Textures/T_Concrete_Tiles_D.uasset" 600
"../../../CubicJam/Content/StarterContent/Textures/T_Concrete_Tiles_M.uasset" 601
"../../../CubicJam/Content/StarterContent/Textures/T_Concrete_Tiles_N.uasset" 602
"../../../CubicJam/Content/StarterContent/Textures/T_Concrete_Tiles_Variation_M.uasset" 603
"../../../CubicJam/Content/StarterContent/Materials/M_Concrete_Tiles.uasset" 604
"../../../CubicJam/Content/StarterContent/Textures/T_Ground_Gravel_D.uasset" 605
"../../../CubicJam/Content/StarterContent/Textures/T_Ground_Gravel_N.uasset" 606
"../../../CubicJam/Content/StarterContent/Materials/M_Ground_Gravel.uasset" 607
"../../../CubicJam/Content/StarterContent/Textures/T_ground_Moss_D.uasset" 608
"../../../CubicJam/Content/StarterContent/Textures/T_Ground_Moss_N.uasset" 609
"../../../CubicJam/Content/StarterContent/Materials/M_Ground_Moss.uasset" 610
"../../../CubicJam/Content/StarterContent/Materials/M_Metal_Chrome.uasset" 611
"../../../CubicJam/Content/StarterContent/Textures/T_Metal_Gold_D.uasset" 612
"../../../CubicJam/Content/StarterContent/Materials/M_Metal_Gold.uasset" 613
"../../../CubicJam/Content/StarterContent/Textures/T_Metal_Rust_D.uasset" 614
"../../../CubicJam/Content/StarterContent/Materials/M_Metal_Rust.uasset" 615
"../../../CubicJam/Content/StarterContent/Textures/T_Metal_Steel_D.uasset" 616
"../../../CubicJam/Content/StarterContent/Textures/T_Metal_Steel_N.uasset" 617
"../../../CubicJam/Content/StarterContent/Materials/M_Metal_Steel.uasset" 618
"../../../CubicJam/Content/StarterContent/Textures/T_Rock_Basalt_N.uasset" 619
"../../../CubicJam/Content/StarterContent/Materials/M_Rock_Basalt.uasset" 620
"../../../CubicJam/Content/StarterContent/Materials/M_Rock_Marble_Polished.uasset" 621
"../../../CubicJam/Content/StarterContent/Textures/T_Rock_Sandstone_D.uasset" 622
"../../../CubicJam/Content/StarterContent/Textures/T_Rock_Sandstone_N.uasset" 623
"../../../CubicJam/Content/StarterContent/Materials/M_Rock_Sandstone.uasset" 624
"../../../CubicJam/Content/StarterContent/Textures/T_Rock_Slate_D.uasset" 625
"../../../CubicJam/Content/StarterContent/Textures/T_Rock_Slate_N.uasset" 626
"../../../CubicJam/Content/StarterContent/Materials/M_Rock_Slate.uasset" 627
"../../../CubicJam/Content/StarterContent/Textures/T_Checker_Noise_M.uasset" 628
"../../../CubicJam/Content/StarterContent/Textures/T_Single_Tile_N.uasset" 629
"../../../CubicJam/Content/StarterContent/Textures/T_Tech_Dot_M.uasset" 630
"../../../CubicJam/Content/StarterContent/Textures/T_Tech_Dot_N.uasset" 631
"../../../CubicJam/Content/StarterContent/Materials/M_Tech_Checker_Dot.uasset" 632
"../../../CubicJam/Content/StarterContent/Textures/T_Tech_Hex_Tile_M.uasset" 633
"../../../CubicJam/Content/StarterContent/Textures/T_Tech_Hex_Tile_N.uasset" 634
"../../../CubicJam/Content/StarterContent/Materials/M_Tech_Hex_Tile.uasset" 635
"../../../CubicJam/Content/StarterContent/Materials/M_Tech_Hex_Tile_Pulse.uasset" 636
"../../../CubicJam/Content/StarterContent/Textures/T_Tech_Panel_M.uasset" 637
"../../../CubicJam/Content/StarterContent/Textures/T_Tech_Panel_N.uasset" 638
"../../../CubicJam/Content/StarterContent/Materials/M_Tech_Panel.uasset" 639
"../../../CubicJam/Content/StarterContent/Textures/T_Wood_Floor_Walnut_D.uasset" 640
"../../../CubicJam/Content/StarterContent/Textures/T_Wood_Floor_Walnut_M.uasset" 641
"../../../CubicJam/Content/StarterContent/Textures/T_Wood_Floor_Walnut_N.uasset" 642
"../../../CubicJam/Content/StarterContent/Materials/M_Wood_Floor_Walnut_Polished.uasset" 643
"../../../Engine/Content/Functions/Engine_MaterialFunctions01/Opacity/AlphaOffset.uasset" 644
"../../../CubicJam/Content/StarterContent/Materials/M_Wood_Floor_Walnut_Worn.uasset" 645
"../../../CubicJam/Content/StarterContent/Textures/T_Wood_Oak_D.uasset" 646
"../../../CubicJam/Content/StarterContent/Textures/T_Wood_Oak_N.uasset" 647
"../../../CubicJam/Content/StarterContent/Materials/M_Wood_Oak.uasset" 648
"../../../CubicJam/Content/StarterContent/Textures/T_Wood_Pine_D.uasset" 649
"../../../CubicJam/Content/StarterContent/Textures/T_Wood_Pine_N.uasset" 650
"../../../CubicJam/Content/StarterContent/Materials/M_Wood_Pine.uasset" 651
"../../../CubicJam/Content/StarterContent/Textures/T_Wood_Walnut_D.uasset" 652
"../../../CubicJam/Content/StarterContent/Textures/T_Wood_Walnut_N.uasset" 653
"../../../CubicJam/Content/StarterContent/Materials/M_Wood_Walnut.uasset" 654
"../../../CubicJam/Content/StarterContent/Architecture/Wall_400x200.uasset" 655
"../../../CubicJam/Content/StarterContent/Architecture/Wall_Door_400x300.uasset" 656
"../../../CubicJam/Content/StarterContent/Architecture/Wall_Window_400x300.uasset" 657
"../../../CubicJam/Content/StarterContent/Audio/Collapse_Cue.uasset" 658
"../../../CubicJam/Content/StarterContent/Audio/Starter_Music_Cue.uasset" 659
"../../../CubicJam/Content/StarterContent/Props/MaterialSphere.uasset" 660
"../../../CubicJam/Content/StarterContent/Textures/T_Frame_M.uasset" 661
"../../../CubicJam/Content/StarterContent/Textures/T_Frame_N.uasset" 662
"../../../CubicJam/Content/StarterContent/Props/Materials/M_Frame.uasset" 663
"../../../CubicJam/Content/StarterContent/Props/SM_CornerFrame.uasset" 664
"../../../CubicJam/Content/StarterContent/Props/SM_DoorFrame.uasset" 665
"../../../CubicJam/Content/StarterContent/Props/SM_GlassWindow.uasset" 666
"../../../CubicJam/Content/StarterContent/Props/SM_PillarFrame.uasset" 667
"../../../CubicJam/Content/StarterContent/Props/SM_PillarFrame300.uasset" 668
"../../../CubicJam/Content/StarterContent/Props/SM_WindowFrame.uasset" 669
"../../../CubicJam/Content/StarterContent/Shapes/Shape_Cube.uasset" 670
"../../../CubicJam/Content/StarterContent/Shapes/Shape_QuadPyramid.uasset" 671
"../../../CubicJam/Content/StarterContent/Shapes/Shape_Sphere.uasset" 672
"../../../CubicJam/Content/StarterContent/Maps/StarterMap.umap" 673
"../../../Engine/Content/Maps/Entry.umap" 674
